[24-Jul-2025 15:42:43 America/Sao_Paulo] PHP Fatal error:  Allowed memory size of 134217728 bytes exhausted (tried to allocate 262144 bytes) in /shared/httpd/sorteios_php_sqlite/public/includes/auth.php on line 116
[24-Jul-2025 15:42:50 America/Sao_Paulo] PHP Warning:  session_start(): Session cannot be started after headers have already been sent in /shared/httpd/sorteios_php_sqlite/public/includes/functions.php on line 71
[24-Jul-2025 15:42:51 America/Sao_Paulo] PHP Warning:  session_start(): Session cannot be started after headers have already been sent in /shared/httpd/sorteios_php_sqlite/public/includes/functions.php on line 71
[24-Jul-2025 15:42:57 America/Sao_Paulo] PHP Fatal error:  Allowed memory size of 134217728 bytes exhausted (tried to allocate 262144 bytes) in /shared/httpd/sorteios_php_sqlite/public/includes/auth.php on line 116
[24-Jul-2025 15:43:00 America/Sao_Paulo] PHP Warning:  session_start(): Session cannot be started after headers have already been sent in /shared/httpd/sorteios_php_sqlite/public/includes/functions.php on line 71
[24-Jul-2025 15:44:06 America/Sao_Paulo] PHP Fatal error:  Allowed memory size of 134217728 bytes exhausted (tried to allocate 262144 bytes) in /shared/httpd/sorteios_php_sqlite/public/includes/auth.php on line 116
[24-Jul-2025 15:48:57 America/Sao_Paulo] PHP Fatal error:  Allowed memory size of 134217728 bytes exhausted (tried to allocate 262144 bytes) in /shared/httpd/sorteios_php_sqlite/public/includes/auth.php on line 116
[24-Jul-2025 15:49:00 America/Sao_Paulo] PHP Fatal error:  Allowed memory size of 134217728 bytes exhausted (tried to allocate 262144 bytes) in /shared/httpd/sorteios_php_sqlite/public/includes/auth.php on line 116
[24-Jul-2025 16:06:46 America/Sao_Paulo] PHP Fatal error:  Allowed memory size of 268435456 bytes exhausted (tried to allocate 262144 bytes) in /shared/httpd/sorteios_php_sqlite/public/includes/auth.php on line 149
[24-Jul-2025 16:06:49 America/Sao_Paulo] PHP Fatal error:  Allowed memory size of 268435456 bytes exhausted (tried to allocate 262144 bytes) in /shared/httpd/sorteios_php_sqlite/public/includes/auth.php on line 116
[24-Jul-2025 16:06:54 America/Sao_Paulo] PHP Warning:  session_start(): Session cannot be started after headers have already been sent in /shared/httpd/sorteios_php_sqlite/public/includes/functions.php on line 71
[24-Jul-2025 16:06:58 America/Sao_Paulo] PHP Fatal error:  Allowed memory size of 268435456 bytes exhausted (tried to allocate 262144 bytes) in /shared/httpd/sorteios_php_sqlite/public/includes/auth.php on line 116
[24-Jul-2025 16:12:35 America/Sao_Paulo] PHP Fatal error:  Allowed memory size of 268435456 bytes exhausted (tried to allocate 262144 bytes) in /shared/httpd/sorteios_php_sqlite/public/includes/auth.php on line 116
[24-Jul-2025 16:52:35 America/Sao_Paulo] Erro ao carregar configurações: SQLSTATE[HY000]: General error: 1 no such table: configuracoes
[24-Jul-2025 16:52:37 America/Sao_Paulo] Erro ao carregar configurações: SQLSTATE[HY000]: General error: 1 no such table: configuracoes
[24-Jul-2025 16:52:47 America/Sao_Paulo] Erro ao carregar configurações: SQLSTATE[HY000]: General error: 1 no such table: configuracoes
[24-Jul-2025 16:52:47 America/Sao_Paulo] Erro ao carregar configurações: SQLSTATE[HY000]: General error: 1 no such table: configuracoes
[24-Jul-2025 16:52:49 America/Sao_Paulo] Erro ao carregar configurações: SQLSTATE[HY000]: General error: 1 no such table: configuracoes
[24-Jul-2025 16:54:07 America/Sao_Paulo] Erro ao carregar configurações: SQLSTATE[HY000]: General error: 1 no such table: configuracoes
[24-Jul-2025 16:54:11 America/Sao_Paulo] Erro ao carregar configurações: SQLSTATE[HY000]: General error: 1 no such table: configuracoes
[24-Jul-2025 16:54:19 America/Sao_Paulo] Erro ao carregar configurações: SQLSTATE[HY000]: General error: 1 no such table: configuracoes
[24-Jul-2025 16:54:34 America/Sao_Paulo] Erro ao carregar configurações: SQLSTATE[HY000]: General error: 1 no such table: configuracoes
[24-Jul-2025 16:54:36 America/Sao_Paulo] Erro ao carregar configurações: SQLSTATE[HY000]: General error: 1 no such table: configuracoes
[24-Jul-2025 16:54:36 America/Sao_Paulo] Erro na query: SQLSTATE[HY000]: General error: 1 no such table: main.configuracoes | SQL: CREATE TRIGGER IF NOT EXISTS update_configuracoes_timestamp 
             AFTER UPDATE ON configuracoes
             BEGIN
                UPDATE configuracoes SET updated_at = CURRENT_TIMESTAMP WHERE id = NEW.id;
             END
[24-Jul-2025 16:54:36 America/Sao_Paulo] Erro ao criar trigger: Erro na execução da query: SQLSTATE[HY000]: General error: 1 no such table: main.configuracoes
[24-Jul-2025 16:54:36 America/Sao_Paulo] Erro na query: SQLSTATE[HY000]: General error: 1 no such table: main.sorteios | SQL: CREATE TRIGGER IF NOT EXISTS update_sorteios_timestamp 
             AFTER UPDATE ON sorteios
             BEGIN
                UPDATE sorteios SET updated_at = CURRENT_TIMESTAMP WHERE id = NEW.id;
             END
[24-Jul-2025 16:54:36 America/Sao_Paulo] Erro ao criar trigger: Erro na execução da query: SQLSTATE[HY000]: General error: 1 no such table: main.sorteios
[24-Jul-2025 16:54:36 America/Sao_Paulo] Erro na query: SQLSTATE[HY000]: General error: 1 no such table: main.participantes | SQL: CREATE TRIGGER IF NOT EXISTS update_participantes_timestamp 
             AFTER UPDATE ON participantes
             BEGIN
                UPDATE participantes SET updated_at = CURRENT_TIMESTAMP WHERE id = NEW.id;
             END
[24-Jul-2025 16:54:36 America/Sao_Paulo] Erro ao criar trigger: Erro na execução da query: SQLSTATE[HY000]: General error: 1 no such table: main.participantes
[24-Jul-2025 16:54:36 America/Sao_Paulo] Erro na query: SQLSTATE[HY000]: General error: 1 no such table: main.relatorio_templates | SQL: CREATE TRIGGER IF NOT EXISTS update_relatorio_templates_timestamp 
             AFTER UPDATE ON relatorio_templates
             BEGIN
                UPDATE relatorio_templates SET updated_at = CURRENT_TIMESTAMP WHERE id = NEW.id;
             END
[24-Jul-2025 16:54:36 America/Sao_Paulo] Erro ao criar trigger: Erro na execução da query: SQLSTATE[HY000]: General error: 1 no such table: main.relatorio_templates
[24-Jul-2025 16:54:36 America/Sao_Paulo] Erro na query: SQLSTATE[HY000]: General error: 1 no such table: configuracoes | SQL: SELECT COUNT(*) as count FROM configuracoes
[24-Jul-2025 16:54:36 America/Sao_Paulo] Erro ao inserir dados padrão: Erro na execução da query: SQLSTATE[HY000]: General error: 1 no such table: configuracoes
[24-Jul-2025 16:54:36 America/Sao_Paulo] Erro ao salvar configurações: SQLSTATE[HY000]: General error: 1 no such table: configuracoes
[24-Jul-2025 16:54:36 America/Sao_Paulo] PHP Warning:  file_put_contents(/shared/httpd/sorteios_php_sqlite/public/includes/../data/backups/backup_info.json): Failed to open stream: Permission denied in /shared/httpd/sorteios_php_sqlite/public/includes/database.php on line 263
[24-Jul-2025 16:54:41 America/Sao_Paulo] Erro ao carregar configurações: SQLSTATE[HY000]: General error: 1 no such table: configuracoes
[24-Jul-2025 16:54:41 America/Sao_Paulo] Erro na query: SQLSTATE[HY000]: General error: 1 no such table: main.configuracoes | SQL: CREATE TRIGGER IF NOT EXISTS update_configuracoes_timestamp 
             AFTER UPDATE ON configuracoes
             BEGIN
                UPDATE configuracoes SET updated_at = CURRENT_TIMESTAMP WHERE id = NEW.id;
             END
[24-Jul-2025 16:54:41 America/Sao_Paulo] Erro ao criar trigger: Erro na execução da query: SQLSTATE[HY000]: General error: 1 no such table: main.configuracoes
[24-Jul-2025 16:54:41 America/Sao_Paulo] Erro na query: SQLSTATE[HY000]: General error: 1 no such table: main.sorteios | SQL: CREATE TRIGGER IF NOT EXISTS update_sorteios_timestamp 
             AFTER UPDATE ON sorteios
             BEGIN
                UPDATE sorteios SET updated_at = CURRENT_TIMESTAMP WHERE id = NEW.id;
             END
[24-Jul-2025 16:54:41 America/Sao_Paulo] Erro ao criar trigger: Erro na execução da query: SQLSTATE[HY000]: General error: 1 no such table: main.sorteios
[24-Jul-2025 16:54:41 America/Sao_Paulo] Erro na query: SQLSTATE[HY000]: General error: 1 no such table: main.participantes | SQL: CREATE TRIGGER IF NOT EXISTS update_participantes_timestamp 
             AFTER UPDATE ON participantes
             BEGIN
                UPDATE participantes SET updated_at = CURRENT_TIMESTAMP WHERE id = NEW.id;
             END
[24-Jul-2025 16:54:41 America/Sao_Paulo] Erro ao criar trigger: Erro na execução da query: SQLSTATE[HY000]: General error: 1 no such table: main.participantes
[24-Jul-2025 16:54:41 America/Sao_Paulo] Erro na query: SQLSTATE[HY000]: General error: 1 no such table: main.relatorio_templates | SQL: CREATE TRIGGER IF NOT EXISTS update_relatorio_templates_timestamp 
             AFTER UPDATE ON relatorio_templates
             BEGIN
                UPDATE relatorio_templates SET updated_at = CURRENT_TIMESTAMP WHERE id = NEW.id;
             END
[24-Jul-2025 16:54:41 America/Sao_Paulo] Erro ao criar trigger: Erro na execução da query: SQLSTATE[HY000]: General error: 1 no such table: main.relatorio_templates
[24-Jul-2025 16:54:41 America/Sao_Paulo] Erro na query: SQLSTATE[HY000]: General error: 1 no such table: configuracoes | SQL: SELECT COUNT(*) as count FROM configuracoes
[24-Jul-2025 16:54:41 America/Sao_Paulo] Erro ao inserir dados padrão: Erro na execução da query: SQLSTATE[HY000]: General error: 1 no such table: configuracoes
[24-Jul-2025 16:54:41 America/Sao_Paulo] Erro ao salvar configurações: SQLSTATE[HY000]: General error: 1 no such table: configuracoes
[24-Jul-2025 16:54:41 America/Sao_Paulo] PHP Warning:  file_put_contents(/shared/httpd/sorteios_php_sqlite/public/includes/../data/backups/backup_info.json): Failed to open stream: Permission denied in /shared/httpd/sorteios_php_sqlite/public/includes/database.php on line 263
[24-Jul-2025 16:54:45 America/Sao_Paulo] Erro ao carregar configurações: SQLSTATE[HY000]: General error: 1 no such table: configuracoes
[24-Jul-2025 16:54:45 America/Sao_Paulo] Erro ao carregar configurações: SQLSTATE[HY000]: General error: 1 no such table: configuracoes
[25-Jul-2025 09:40:36 America/Sao_Paulo] Erro ao carregar configurações: SQLSTATE[HY000]: General error: 1 no such table: configuracoes
